<?xml version="1.0" encoding="UTF-8"?>
<!-- Generated by org.testng.reporters.JUnitXMLReporter -->
<testsuite hostname="IX8J8MHL3" ignored="0" name="Default test" tests="5" failures="0" timestamp="2022-07-04T16:41:57 IST" time="73.835" errors="0">
  <testcase name="quiz" time="29.315" classname="TestNGClasses.TesCase2"/>
  <testcase name="quiz1" time="8.574" classname="TestNGClasses.TesCase2"/>
  <testcase name="quiz3" time="11.628" classname="TestNGClasses.TesCase2"/>
  <testcase name="quiz4" time="13.405" classname="TestNGClasses.TesCase2"/>
  <testcase name="quiz5" time="10.857" classname="TestNGClasses.TesCase2"/>
</testsuite> <!-- Default test -->
