<?xml version="1.0" encoding="UTF-8"?>
<!-- Generated by org.testng.reporters.JUnitXMLReporter -->
<testsuite hostname="IX8J8MHL3" ignored="0" name="ParallelTest" tests="8" failures="0" timestamp="2022-07-04T17:12:36 IST" time="92.113" errors="0">
  <testcase name="company" time="7.873" classname="TestNGClasses.TestCase1"/>
  <testcase name="quiz3" time="11.228" classname="TestNGClasses.TestCase1"/>
  <testcase name="quiz4" time="15.48" classname="TestNGClasses.TestCase1"/>
  <testcase name="quiz" time="15.166" classname="TestNGClasses.TesCase2"/>
  <testcase name="quiz1" time="11.296" classname="TestNGClasses.TesCase2"/>
  <testcase name="quiz3" time="11.387" classname="TestNGClasses.TesCase2"/>
  <testcase name="quiz4" time="10.116" classname="TestNGClasses.TesCase2"/>
  <testcase name="quiz5" time="9.517" classname="TestNGClasses.TesCase2"/>
</testsuite> <!-- ParallelTest -->
