<?xml version="1.0" encoding="UTF-8"?>
<!-- Generated by org.testng.reporters.JUnitXMLReporter -->
<testsuite hostname="IX8J8MHL3" ignored="0" name="Test" tests="6" failures="0" timestamp="2022-07-04T16:48:06 IST" time="15.821" errors="0">
  <testcase name="company" time="0.02" classname="TestNGClasses.TestCase1"/>
  <testcase name="quiz3" time="14.664" classname="TestNGClasses.TesCase2"/>
  <testcase name="quiz5" time="14.679" classname="TestNGClasses.TesCase2"/>
  <testcase name="quiz4" time="14.877" classname="TestNGClasses.TesCase2"/>
  <testcase name="quiz" time="15.577" classname="TestNGClasses.TesCase2"/>
  <testcase name="quiz1" time="15.78" classname="TestNGClasses.TesCase2"/>
</testsuite> <!-- Test -->
